[debug] [2022-07-18T04:33:38.807Z] ----------------------------------------------------------------------
[debug] [2022-07-18T04:33:38.808Z] Command:       /usr/local/bin/node /usr/local/bin/firebase init
[debug] [2022-07-18T04:33:38.809Z] CLI Version:   11.2.2
[debug] [2022-07-18T04:33:38.809Z] Platform:      darwin
[debug] [2022-07-18T04:33:38.809Z] Node Version:  v14.19.0
[debug] [2022-07-18T04:33:38.809Z] Time:          Mon Jul 18 2022 10:03:38 GMT+0530 (India Standard Time)
[debug] [2022-07-18T04:33:38.810Z] ----------------------------------------------------------------------
[debug] 
[debug] [2022-07-18T04:33:38.817Z] > command requires scopes: ["email","openid","https://www.googleapis.com/auth/cloudplatformprojects.readonly","https://www.googleapis.com/auth/firebase","https://www.googleapis.com/auth/cloud-platform"]
[debug] [2022-07-18T04:33:38.817Z] > authorizing via signed-in user (jonasdecode@gmail.com)
[info] 
     ######## #### ########  ######## ########     ###     ######  ########
     ##        ##  ##     ## ##       ##     ##  ##   ##  ##       ##
     ######    ##  ########  ######   ########  #########  ######  ######
     ##        ##  ##    ##  ##       ##     ## ##     ##       ## ##
     ##       #### ##     ## ######## ########  ##     ##  ######  ########

You're about to initialize a Firebase project in this directory:

  /Users/jonas/Library/Mobile Documents/com~apple~CloudDocs/Documents/Projects/griffin

[info] 
=== Project Setup
[info] 
[info] First, let's associate this project directory with a Firebase project.
[info] You can create multiple project aliases by running firebase use --add, 
[info] but for now we'll just set up a default project.
[info] 
[debug] [2022-07-18T04:34:45.657Z] >>> [apiv2][query] GET https://firebase.googleapis.com/v1beta1/projects pageSize=100
[debug] [2022-07-18T04:34:46.311Z] <<< [apiv2][status] GET https://firebase.googleapis.com/v1beta1/projects 200
[debug] [2022-07-18T04:34:46.311Z] <<< [apiv2][body] GET https://firebase.googleapis.com/v1beta1/projects [omitted]
[info] i  Using project griffin-a5136 (griffin) 
[info] 
=== Hosting Setup
[info] 
[info] Your public directory is the folder (relative to your project directory) that
[info] will contain Hosting assets to be uploaded with firebase deploy. If you
[info] have a build process for your assets, use your build's output directory.
[info] 
[info] ✔  Wrote public/404.html 
[debug] [2022-07-18T04:35:10.145Z] >>> [apiv2][query] GET https://www.gstatic.com/firebasejs/releases.json [none]
[debug] [2022-07-18T04:35:10.250Z] <<< [apiv2][status] GET https://www.gstatic.com/firebasejs/releases.json 200
[debug] [2022-07-18T04:35:10.250Z] <<< [apiv2][body] GET https://www.gstatic.com/firebasejs/releases.json {"current":{"version":"9.9.0","browserURL":"https://www.gstatic.com/firebasejs/9.9.0/firebase.js","packageURL":"https://www.gstatic.com/firebasejs/9.9.0/firebase.tgz"},"live":{"version":"9.9","browserURL":"https://www.gstatic.com/firebasejs/live/9.9/firebase.js","packageURL":"https://www.gstatic.com/firebasejs/live/9.9/firebase.tgz"},"components":{"analytics":"https://www.gstatic.com/firebasejs/9.9.0/firebase-analytics.js","app":"https://www.gstatic.com/firebasejs/9.9.0/firebase-app.js","app-check":"https://www.gstatic.com/firebasejs/9.9.0/firebase-app-check.js","auth":"https://www.gstatic.com/firebasejs/9.9.0/firebase-auth.js","auth/cordova":"https://www.gstatic.com/firebasejs/9.9.0/firebase-auth/cordova.js","auth/react-native":"https://www.gstatic.com/firebasejs/9.9.0/firebase-auth/react-native.js","functions":"https://www.gstatic.com/firebasejs/9.9.0/firebase-functions.js","firestore":"https://www.gstatic.com/firebasejs/9.9.0/firebase-firestore.js","firestore/lite":"https://www.gstatic.com/firebasejs/9.9.0/firebase-firestore/lite.js","installations":"https://www.gstatic.com/firebasejs/9.9.0/firebase-installations.js","storage":"https://www.gstatic.com/firebasejs/9.9.0/firebase-storage.js","performance":"https://www.gstatic.com/firebasejs/9.9.0/firebase-performance.js","remote-config":"https://www.gstatic.com/firebasejs/9.9.0/firebase-remote-config.js","messaging":"https://www.gstatic.com/firebasejs/9.9.0/firebase-messaging.js","messaging/sw":"https://www.gstatic.com/firebasejs/9.9.0/firebase-messaging/sw.js","database":"https://www.gstatic.com/firebasejs/9.9.0/firebase-database.js","firestore.memory":"https://www.gstatic.com/firebasejs/9.9.0/firebase-firestore.memory.js"}}
[info] i  Skipping write of public/index.html 
[info] 
[info] i  Detected a .git folder at /Users/jonas/Library/Mobile Documents/com~apple~CloudDocs/Documents/Projects/griffin 
[info] i  Authorizing with GitHub to upload your service account to a GitHub repository's secrets store. 
[info] 
[info] Visit this URL on this device to log in:
[info] https://github.com/login/oauth/authorize?client_id=89cf50f02ac6aaed3484&state=287602844&redirect_uri=http%3A%2F%2Flocalhost%3A9005&scope=read%3Auser%20repo%20public_repo
[info] 
[info] Waiting for authentication...
[debug] [2022-07-18T04:35:29.101Z] >>> [apiv2][query] POST https://github.com/login/oauth/access_token [none]
[debug] [2022-07-18T04:35:29.101Z] >>> [apiv2][body] POST https://github.com/login/oauth/access_token [stream]
[debug] [2022-07-18T04:35:29.487Z] <<< [apiv2][status] POST https://github.com/login/oauth/access_token 200
[debug] [2022-07-18T04:35:29.487Z] <<< [apiv2][body] POST https://github.com/login/oauth/access_token {"access_token":"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","token_type":"bearer","scope":"read:user,repo"}
[debug] [2022-07-18T04:35:29.499Z] >>> [apiv2][query] GET https://api.github.com/user [none]
[debug] [2022-07-18T04:35:29.908Z] <<< [apiv2][status] GET https://api.github.com/user 200
[debug] [2022-07-18T04:35:29.908Z] <<< [apiv2][body] GET https://api.github.com/user {"login":"jonassanthosh","id":25316698,"node_id":"MDQ6VXNlcjI1MzE2Njk4","avatar_url":"https://avatars.githubusercontent.com/u/25316698?v=4","gravatar_id":"","url":"https://api.github.com/users/jonassanthosh","html_url":"https://github.com/jonassanthosh","followers_url":"https://api.github.com/users/jonassanthosh/followers","following_url":"https://api.github.com/users/jonassanthosh/following{/other_user}","gists_url":"https://api.github.com/users/jonassanthosh/gists{/gist_id}","starred_url":"https://api.github.com/users/jonassanthosh/starred{/owner}{/repo}","subscriptions_url":"https://api.github.com/users/jonassanthosh/subscriptions","organizations_url":"https://api.github.com/users/jonassanthosh/orgs","repos_url":"https://api.github.com/users/jonassanthosh/repos","events_url":"https://api.github.com/users/jonassanthosh/events{/privacy}","received_events_url":"https://api.github.com/users/jonassanthosh/received_events","type":"User","site_admin":false,"name":"Jonas","company":"Protorix India","blog":"www.protorix.com","location":"Chennai","email":"jonas13ts@gmail.com","hireable":null,"bio":"React Dev","twitter_username":null,"public_repos":9,"public_gists":1,"followers":2,"following":6,"created_at":"2017-01-24T06:42:25Z","updated_at":"2022-06-24T08:24:04Z","private_gists":0,"total_private_repos":12,"owned_private_repos":12,"disk_usage":200218,"collaborators":2,"two_factor_authentication":true,"plan":{"name":"free","space":976562499,"collaborators":0,"private_repos":10000}}
[info] 
[info] ✔  Success! Logged into GitHub as jonassanthosh 
[info] 
[debug] [2022-07-18T04:35:36.857Z] >>> [apiv2][query] GET https://api.github.com/repos//actions/secrets/public-key type=owner
[debug] [2022-07-18T04:35:37.199Z] <<< [apiv2][status] GET https://api.github.com/repos//actions/secrets/public-key 404
[debug] [2022-07-18T04:35:37.199Z] <<< [apiv2][body] GET https://api.github.com/repos//actions/secrets/public-key {"message":"Not Found","documentation_url":"https://docs.github.com/rest"}
[debug] [2022-07-18T04:35:38.740Z] >>> [apiv2][query] GET https://api.github.com/repos//actions/secrets/public-key type=owner
[debug] [2022-07-18T04:35:39.050Z] <<< [apiv2][status] GET https://api.github.com/repos//actions/secrets/public-key 404
[debug] [2022-07-18T04:35:39.050Z] <<< [apiv2][body] GET https://api.github.com/repos//actions/secrets/public-key {"message":"Not Found","documentation_url":"https://docs.github.com/rest"}
